<?xml version="1.0" encoding="UTF-8" ?>
<testsuite errors="1" failures="0" hostname="pork" name="clientSide.tests.Phase1UnitTests" skipped="0" tests="1" time="0.039" timestamp="2015-10-04T05:32:31">
  <properties>
    <property name="java.vendor" value="Oracle Corporation" />
    <property name="env.SESSION_MANAGER" value="local/pork:@/tmp/.ICE-unix/31726,unix/pork:/tmp/.ICE-unix/31726" />
    <property name="sun.java.launcher" value="SUN_STANDARD" />
    <property name="env.QT_IM_MODULE" value="ibus" />
    <property name="sun.management.compiler" value="HotSpot 64-Bit Tiered Compilers" />
    <property name="os.name" value="Linux" />
    <property name="sun.boot.class.path" value="/usr/lib/jvm/java-8-oracle/jre/lib/resources.jar:/usr/lib/jvm/java-8-oracle/jre/lib/rt.jar:/usr/lib/jvm/java-8-oracle/jre/lib/sunrsasign.jar:/usr/lib/jvm/java-8-oracle/jre/lib/jsse.jar:/usr/lib/jvm/java-8-oracle/jre/lib/jce.jar:/usr/lib/jvm/java-8-oracle/jre/lib/charsets.jar:/usr/lib/jvm/java-8-oracle/jre/lib/jfr.jar:/usr/lib/jvm/java-8-oracle/jre/classes" />
    <property name="env.PWD" value="/users/guest/d/djoshuac/workspace/catana" />
    <property name="env.XDG_SESSION_COOKIE" value="18697cadc54d4682aca7a4c8e08d376b-1443898125.502409-1022706475" />
    <property name="env.LANG" value="en_US.UTF-8" />
    <property name="java.vm.specification.vendor" value="Oracle Corporation" />
    <property name="env.XDG_MENU_PREFIX" value="xfce-" />
    <property name="ant.home" value="/usr/share/ant" />
    <property name="java.runtime.version" value="1.8.0_60-b27" />
    <property name="env.GTK_IM_MODULE" value="xim" />
    <property name="env.DEFAULTS_PATH" value="/usr/share/gconf/default.default.path" />
    <property name="env.XDG_SESSION_CLASS" value="user" />
    <property name="env.XDG_VTNR" value="7" />
    <property name="env.DISPLAY" value=":0.0" />
    <property name="env.GLADE_CATALOG_PATH" value=":" />
    <property name="user.name" value="djoshuac" />
    <property name="env.QT4_IM_MODULE" value="ibus" />
    <property name="env._" value="/usr/bin/ant" />
    <property name="env.USER" value="djoshuac" />
    <property name="env.SHELL" value="/bin/bash" />
    <property name="env.DESKTOP_SESSION" value="default" />
    <property name="env.XDG_DATA_DIRS" value="/usr/share/default:/usr/share/xfce4:/usr/local/share/:/usr/share/:/usr/share" />
    <property name="env.NLSPATH" value="/usr/dt/lib/nls/msg/%L/%N.cat" />
    <property name="ant.file.catana" value="/users/guest/d/djoshuac/workspace/catana/build.xml" />
    <property name="env.PATH" value="/usr/network/bin:/usr/local/bin:/sbin:/usr/sbin:/bin:/usr/bin:/usr/lib/jvm/java-8-oracle/bin:/usr/lib/jvm/java-8-oracle/db/bin:/usr/lib/jvm/java-8-oracle/jre/bin" />
    <property name="env.XDG_CURRENT_DESKTOP" value="XFCE" />
    <property name="user.language" value="en" />
    <property name="env.XDG_SESSION_DESKTOP" value="" />
    <property name="sun.boot.library.path" value="/usr/lib/jvm/java-8-oracle/jre/lib/amd64" />
    <property name="ant.project.default-target" value="build" />
    <property name="ant.project.name" value="catana" />
    <property name="java.version" value="1.8.0_60" />
    <property name="user.timezone" value="" />
    <property name="env.DBUS_SESSION_BUS_ADDRESS" value="unix:abstract=/tmp/dbus-bWxcPCj1iH,guid=c307851bae931a08052b207e5610230d" />
    <property name="sun.arch.data.model" value="64" />
    <property name="env.SSH_AGENT_PID" value="31687" />
    <property name="java.endorsed.dirs" value="/usr/lib/jvm/java-8-oracle/jre/lib/endorsed" />
    <property name="env.DERBY_HOME" value="/usr/lib/jvm/java-8-oracle/db" />
    <property name="sun.cpu.isalist" value="" />
    <property name="sun.jnu.encoding" value="UTF-8" />
    <property name="file.encoding.pkg" value="sun.io" />
    <property name="env.SHLVL" value="1" />
    <property name="file.separator" value="/" />
    <property name="java.specification.name" value="Java Platform API Specification" />
    <property name="java.class.version" value="52.0" />
    <property name="user.country" value="US" />
    <property name="java.home" value="/usr/lib/jvm/java-8-oracle/jre" />
    <property name="java.vm.info" value="mixed mode" />
    <property name="env.LOGNAME" value="djoshuac" />
    <property name="ant.file" value="/users/guest/d/djoshuac/workspace/catana/build.xml" />
    <property name="os.version" value="3.19.0-28-generic" />
    <property name="env.J2REDIR" value="/usr/lib/jvm/java-8-oracle/jre" />
    <property name="path.separator" value=":" />
    <property name="java.vm.version" value="25.60-b23" />
    <property name="env.LANGUAGE" value="en_US:" />
    <property name="ant.library.dir" value="/usr/share/ant/lib" />
    <property name="env.XDG_SESSION_PATH" value="/org/freedesktop/DisplayManager/Session1" />
    <property name="junit.output.dir" value="junit" />
    <property name="env.XDG_SESSION_TYPE" value="x11" />
    <property name="env.JAVA_HOME" value="/usr/lib/jvm/java-8-oracle" />
    <property name="java.awt.printerjob" value="sun.print.PSPrinterJob" />
    <property name="env.TERM" value="xterm" />
    <property name="sun.io.unicode.encoding" value="UnicodeLittle" />
    <property name="ant.file.type.catana" value="file" />
    <property name="awt.toolkit" value="sun.awt.X11.XToolkit" />
    <property name="env.GLADE_MODULE_PATH" value=":" />
    <property name="env.XMODIFIERS" value="@im=ibus" />
    <property name="target" value="1.8" />
    <property name="user.home" value="/users/guest/d/djoshuac" />
    <property name="env.TERMINATOR_UUID" value="urn:uuid:34af02a1-353e-43dd-b1a4-ceb123c890fe" />
    <property name="env.OLDPWD" value="/users/guest/d/djoshuac/workspace" />
    <property name="java.specification.vendor" value="Oracle Corporation" />
    <property name="env.WINDOWID" value="67108868" />
    <property name="java.vendor.url" value="http://java.oracle.com/" />
    <property name="java.library.path" value="/usr/java/packages/lib/amd64:/usr/lib64:/lib64:/lib:/usr/lib" />
    <property name="java.vm.vendor" value="Oracle Corporation" />
    <property name="env.XDG_SEAT" value="seat0" />
    <property name="java.runtime.name" value="Java(TM) SE Runtime Environment" />
    <property name="ant.version" value="Apache Ant(TM) version 1.9.4 compiled on January 27 2015" />
    <property name="sun.java.command" value="org.apache.tools.ant.taskdefs.optional.junit.JUnitTestRunner clientSide.tests.Phase1UnitTests skipNonTests=false filtertrace=true haltOnError=false haltOnFailure=false formatter=org.apache.tools.ant.taskdefs.optional.junit.OutErrSummaryJUnitResultFormatter showoutput=false outputtoformatters=true logfailedtests=true threadid=0 logtestlistenerevents=false formatter=org.apache.tools.ant.taskdefs.optional.junit.XMLJUnitResultFormatter,/users/guest/d/djoshuac/workspace/catana/junit/TEST-clientSide.tests.Phase1UnitTests.xml crashfile=/users/guest/d/djoshuac/workspace/catana/junitvmwatcher8781788414072769558.properties propsfile=/users/guest/d/djoshuac/workspace/catana/junit3442084968505758620.properties" />
    <property name="java.class.path" value="/users/guest/d/djoshuac/workspace/catana/bin:/users/guest/d/djoshuac/workspace/catana/Utilities/gson-2.3.1.jar:/usr/share/eclipse/plugins/org.junit_4.11.0.v201303080030/junit.jar:/usr/share/eclipse/plugins/org.hamcrest.core_1.3.0.v201303031735.jar:/usr/share/ant/lib/junit.jar:/usr/share/java/ant-launcher-1.9.4.jar:/usr/share/ant/lib/ant.jar:/usr/share/ant/lib/ant-junit.jar:/usr/share/ant/lib/ant-junit4.jar" />
    <property name="env.XDG_SESSION_ID" value="2867" />
    <property name="env.XFILESEARCHPATH" value="/usr/dt/app-defaults/%L/Dt" />
    <property name="java.vm.specification.name" value="Java Virtual Machine Specification" />
    <property name="ant.file.type" value="file" />
    <property name="java.vm.specification.version" value="1.8" />
    <property name="sun.os.patch.level" value="unknown" />
    <property name="sun.cpu.endian" value="little" />
    <property name="env.HOME" value="/users/guest/d/djoshuac" />
    <property name="debuglevel" value="source,lines,vars" />
    <property name="java.io.tmpdir" value="/tmp" />
    <property name="env.XDG_SEAT_PATH" value="/org/freedesktop/DisplayManager/Seat0" />
    <property name="java.vendor.url.bug" value="http://bugreport.sun.com/bugreport/" />
    <property name="env.SSH_AUTH_SOCK" value="/tmp/ssh-0xVav8NrSiuC/agent.31603" />
    <property name="env.CLUTTER_IM_MODULE" value="xim" />
    <property name="java.awt.graphicsenv" value="sun.awt.X11GraphicsEnvironment" />
    <property name="os.arch" value="amd64" />
    <property name="java.ext.dirs" value="/usr/lib/jvm/java-8-oracle/jre/lib/ext:/usr/java/packages/lib/ext" />
    <property name="env.XDG_RUNTIME_DIR" value="/run/user/10877" />
    <property name="user.dir" value="/users/guest/d/djoshuac/workspace/catana" />
    <property name="env.XAUTHORITY" value="/users/guest/d/djoshuac/.Xauthority" />
    <property name="env.MANDATORY_PATH" value="/usr/share/gconf/default.mandatory.path" />
    <property name="env.J2SDKDIR" value="/usr/lib/jvm/java-8-oracle" />
    <property name="line.separator" value="&#xa;" />
    <property name="java.vm.name" value="Java HotSpot(TM) 64-Bit Server VM" />
    <property name="env.COLORTERM" value="gnome-terminal" />
    <property name="basedir" value="/users/guest/d/djoshuac/workspace/catana" />
    <property name="ant.java.version" value="1.8" />
    <property name="env.ORBIT_SOCKETDIR" value="/tmp/orbit-djoshuac" />
    <property name="env.GLADE_PIXMAP_PATH" value=":" />
    <property name="ant.core.lib" value="/usr/share/ant/lib/ant.jar" />
    <property name="source" value="1.8" />
    <property name="file.encoding" value="UTF-8" />
    <property name="env.GPG_AGENT_INFO" value="/tmp/gpg-XT7ZC4/S.gpg-agent:31766:1" />
    <property name="java.specification.version" value="1.8" />
    <property name="ant.project.invoked-targets" value="test" />
    <property name="env.XDG_CONFIG_DIRS" value="/etc/xdg/xdg-default:/etc/xdg:/usr/share/kubuntu-default-settings/kf5-settings:/etc/xdg" />
  </properties>
  <testcase classname="clientSide.tests.Phase1UnitTests" name="initializationError" time="0.004">
    <error message="No runnable methods" type="java.lang.Exception">java.lang.Exception: No runnable methods
	at java.lang.reflect.Constructor.newInstance(Constructor.java:422)
</error>
  </testcase>
  <system-out><![CDATA[]]></system-out>
  <system-err><![CDATA[]]></system-err>
</testsuite>
